<?xml version="1.0" encoding="UTF-8"?>
<coverage generated="1585374130407" clover="3.2.0">
  <project timestamp="1585374130407" name="All files">
    <metrics statements="23" coveredstatements="20" conditionals="19" coveredconditionals="13" methods="4" coveredmethods="4" elements="46" coveredelements="37" complexity="0" loc="23" ncloc="23" packages="1" files="1" classes="1"/>
    <file name="index.ts" path="/Users/brian/Code/kodekeep/hapi-ajv/src/index.ts">
      <metrics statements="23" coveredstatements="20" conditionals="19" coveredconditionals="13" methods="4" coveredmethods="4"/>
      <line num="2" count="1" type="stmt"/>
      <line num="6" count="4" type="stmt"/>
      <line num="7" count="4" type="stmt"/>
      <line num="13" count="4" type="cond" truecount="1" falsecount="1"/>
      <line num="14" count="4" type="stmt"/>
      <line num="17" count="4" type="cond" truecount="1" falsecount="1"/>
      <line num="19" count="0" type="stmt"/>
      <line num="23" count="4" type="cond" truecount="3" falsecount="1"/>
      <line num="24" count="0" type="stmt"/>
      <line num="25" count="0" type="stmt"/>
      <line num="31" count="4" type="stmt"/>
      <line num="35" count="1" type="stmt"/>
      <line num="39" count="5" type="stmt"/>
      <line num="41" count="5" type="stmt"/>
      <line num="45" count="5" type="cond" truecount="2" falsecount="0"/>
      <line num="47" count="5" type="stmt"/>
      <line num="48" count="14" type="stmt"/>
      <line num="50" count="14" type="cond" truecount="2" falsecount="0"/>
      <line num="51" count="4" type="cond" truecount="2" falsecount="0"/>
      <line num="52" count="3" type="stmt"/>
      <line num="55" count="4" type="cond" truecount="1" falsecount="1"/>
      <line num="56" count="4" type="stmt"/>
      <line num="66" count="1" type="stmt"/>
    </file>
  </project>
</coverage>
