{"/Users/brian/Code/kodekeep/hapi-ajv/src/index.ts": {"path":"/Users/brian/Code/kodekeep/hapi-ajv/src/index.ts","statementMap":{"0":{"start":{"line":2,"column":0},"end":{"line":2,"column":39}},"1":{"start":{"line":6,"column":1},"end":{"line":32,"column":4}},"2":{"start":{"line":7,"column":35},"end":{"line":11,"column":4}},"3":{"start":{"line":13,"column":2},"end":{"line":15,"column":null}},"4":{"start":{"line":14,"column":3},"end":{"line":14,"column":33}},"5":{"start":{"line":17,"column":2},"end":{"line":20,"column":null}},"6":{"start":{"line":19,"column":3},"end":{"line":19,"column":44}},"7":{"start":{"line":23,"column":2},"end":{"line":29,"column":null}},"8":{"start":{"line":24,"column":3},"end":{"line":24,"column":44}},"9":{"start":{"line":25,"column":3},"end":{"line":28,"column":24}},"10":{"start":{"line":31,"column":2},"end":{"line":31,"column":16}},"11":{"start":{"line":35,"column":13},"end":{"line":70,"column":2}},"12":{"start":{"line":39,"column":14},"end":{"line":39,"column":30}},"13":{"start":{"line":41,"column":2},"end":{"line":68,"column":5}},"14":{"start":{"line":45,"column":19},"end":{"line":45,"column":59}},"15":{"start":{"line":47,"column":4},"end":{"line":64,"column":null}},"16":{"start":{"line":48,"column":20},"end":{"line":48,"column":32}},"17":{"start":{"line":50,"column":5},"end":{"line":63,"column":null}},"18":{"start":{"line":51,"column":6},"end":{"line":53,"column":null}},"19":{"start":{"line":52,"column":7},"end":{"line":52,"column":43}},"20":{"start":{"line":55,"column":6},"end":{"line":62,"column":null}},"21":{"start":{"line":56,"column":7},"end":{"line":61,"column":20}},"22":{"start":{"line":66,"column":4},"end":{"line":66,"column":22}}},"fnMap":{"0":{"name":"mapErrors","decl":{"start":{"line":5,"column":9},"end":{"line":5,"column":18}},"loc":{"start":{"line":5,"column":54},"end":{"line":33,"column":1}}},"1":{"name":"(anonymous_2)","decl":{"start":{"line":6,"column":19},"end":{"line":6,"column":24}},"loc":{"start":{"line":6,"column":27},"end":{"line":32,"column":2}}},"2":{"name":"(anonymous_3)","decl":{"start":{"line":38,"column":1},"end":{"line":38,"column":9}},"loc":{"start":{"line":38,"column":38},"end":{"line":69,"column":2}}},"3":{"name":"(anonymous_4)","decl":{"start":{"line":43,"column":11},"end":{"line":43,"column":12}},"loc":{"start":{"line":43,"column":48},"end":{"line":67,"column":4}}}},"branchMap":{"0":{"loc":{"start":{"line":13,"column":2},"end":{"line":15,"column":null}},"type":"if","locations":[{"start":{"line":13,"column":2},"end":{"line":15,"column":null}},{"start":{"line":13,"column":2},"end":{"line":15,"column":null}}]},"1":{"loc":{"start":{"line":17,"column":2},"end":{"line":20,"column":null}},"type":"if","locations":[{"start":{"line":17,"column":2},"end":{"line":20,"column":null}},{"start":{"line":17,"column":2},"end":{"line":20,"column":null}}]},"2":{"loc":{"start":{"line":23,"column":2},"end":{"line":29,"column":null}},"type":"if","locations":[{"start":{"line":23,"column":2},"end":{"line":29,"column":null}},{"start":{"line":23,"column":2},"end":{"line":29,"column":null}}]},"3":{"loc":{"start":{"line":23,"column":6},"end":{"line":23,"column":22}},"type":"binary-expr","locations":[{"start":{"line":23,"column":6},"end":{"line":23,"column":22}},{"start":{"line":23,"column":26},"end":{"line":23,"column":57}}]},"4":{"loc":{"start":{"line":38,"column":36},"end":{"line":38,"column":38}},"type":"default-arg","locations":[{"start":{"line":38,"column":36},"end":{"line":38,"column":38}}]},"5":{"loc":{"start":{"line":45,"column":19},"end":{"line":45,"column":53}},"type":"binary-expr","locations":[{"start":{"line":45,"column":19},"end":{"line":45,"column":53}},{"start":{"line":45,"column":57},"end":{"line":45,"column":59}}]},"6":{"loc":{"start":{"line":50,"column":5},"end":{"line":63,"column":null}},"type":"if","locations":[{"start":{"line":50,"column":5},"end":{"line":63,"column":null}},{"start":{"line":50,"column":5},"end":{"line":63,"column":null}}]},"7":{"loc":{"start":{"line":51,"column":6},"end":{"line":53,"column":null}},"type":"if","locations":[{"start":{"line":51,"column":6},"end":{"line":53,"column":null}},{"start":{"line":51,"column":6},"end":{"line":53,"column":null}}]},"8":{"loc":{"start":{"line":55,"column":6},"end":{"line":62,"column":null}},"type":"if","locations":[{"start":{"line":55,"column":6},"end":{"line":62,"column":null}},{"start":{"line":55,"column":6},"end":{"line":62,"column":null}}]},"9":{"loc":{"start":{"line":58,"column":30},"end":{"line":58,"column":57}},"type":"cond-expr","locations":[{"start":{"line":58,"column":30},"end":{"line":58,"column":57}},{"start":{"line":58,"column":60},"end":{"line":58,"column":62}}]}},"s":{"0":1,"1":4,"2":4,"3":4,"4":4,"5":4,"6":0,"7":4,"8":0,"9":0,"10":4,"11":1,"12":5,"13":5,"14":5,"15":5,"16":14,"17":14,"18":4,"19":3,"20":4,"21":4,"22":1},"f":{"0":4,"1":4,"2":5,"3":5},"b":{"0":[4,0],"1":[0,4],"2":[0,4],"3":[4,1],"4":[0],"5":[5,1],"6":[4,10],"7":[3,1],"8":[4,0],"9":[4,0]}}
}
