TN:
SF:src/index.ts
FN:5,mapErrors
FN:6,(anonymous_2)
FN:38,(anonymous_3)
FN:43,(anonymous_4)
FNF:4
FNH:4
FNDA:4,mapErrors
FNDA:4,(anonymous_2)
FNDA:5,(anonymous_3)
FNDA:5,(anonymous_4)
DA:2,1
DA:6,4
DA:7,4
DA:13,4
DA:14,4
DA:17,4
DA:19,0
DA:23,4
DA:24,0
DA:25,0
DA:31,4
DA:35,1
DA:39,5
DA:41,5
DA:45,5
DA:47,5
DA:48,14
DA:50,14
DA:51,4
DA:52,3
DA:55,4
DA:56,4
DA:66,1
LF:23
LH:20
BRDA:13,0,0,4
BRDA:13,0,1,0
BRDA:17,1,0,0
BRDA:17,1,1,4
BRDA:23,2,0,0
BRDA:23,2,1,4
BRDA:23,3,0,4
BRDA:23,3,1,1
BRDA:38,4,0,0
BRDA:45,5,0,5
BRDA:45,5,1,1
BRDA:50,6,0,4
BRDA:50,6,1,10
BRDA:51,7,0,3
BRDA:51,7,1,1
BRDA:55,8,0,4
BRDA:55,8,1,0
BRDA:58,9,0,4
BRDA:58,9,1,0
BRF:19
BRH:13
end_of_record
